[INFO] issuing token from auth...
pod/get-token created
TOKEN_LEN=140
JWT_PARTS=3

[K8S] 2026-01-31T11:10:24Z
[K8S] employee scalers:
NAME                                                                          REFERENCE                                     TARGETS                        MINPODS   MAXPODS   REPLICAS   AGE
horizontalpodautoscaler.autoscaling/onprem-dev-employee-employee-server-hpa   Rollout/onprem-dev-employee-employee-server   cpu: 1%/80%, memory: 31%/75%   2         30        6          14m
[K8S] employee pods:
NAME                                                   READY   STATUS    RESTARTS   AGE     IP                NODE      NOMINATED NODE   READINESS GATES
onprem-dev-employee-employee-server-7c957dc677-bj7vj   1/1     Running   0          14m     192.168.189.68    worker2   <none>           <none>
onprem-dev-employee-employee-server-7c957dc677-d8ftf   1/1     Running   0          5m52s   192.168.235.184   worker1   <none>           <none>
onprem-dev-employee-employee-server-7c957dc677-fgfcq   1/1     Running   0          5m22s   192.168.235.185   worker1   <none>           <none>
onprem-dev-employee-employee-server-7c957dc677-fqpsx   1/1     Running   0          6m7s    192.168.189.122   worker2   <none>           <none>
onprem-dev-employee-employee-server-7c957dc677-mzm8x   1/1     Running   0          5m52s   192.168.189.118   worker2   <none>           <none>
onprem-dev-employee-employee-server-7c957dc677-qhxs9   1/1     Running   0          13m     192.168.235.155   worker1   <none>           <none>

[INFO] quick check /employees (non-fatal)...
HTTP=200
pod "emp-check" deleted
[INFO] start k6: RATE=800 DURATION=2m
[INFO] starting k8s watcher (every 5s)...
[K8S] pods_ready=6/6

running (0m01.0s), 0567/0800 VUs, 218 complete and 0 interrupted iterations
steady   [   1% ] 0567/0800 VUs  0m01.0s/2m0s  800.00 iters/s

running (0m02.0s), 0849/0911 VUs, 617 complete and 0 interrupted iterations
steady   [   2% ] 0849/0911 VUs  0m02.0s/2m0s  800.00 iters/s

running (0m03.0s), 1022/1025 VUs, 1127 complete and 0 interrupted iterations
steady   [   2% ] 1022/1025 VUs  0m03.0s/2m0s  800.00 iters/s

running (0m04.0s), 1165/1165 VUs, 1640 complete and 0 interrupted iterations
steady   [   3% ] 1165/1165 VUs  0m04.0s/2m0s  800.00 iters/s
[K8S] pods_ready=6/6

running (0m05.0s), 1295/1308 VUs, 2159 complete and 0 interrupted iterations
steady   [   4% ] 1295/1308 VUs  0m05.0s/2m0s  800.00 iters/s

running (0m06.0s), 1483/1483 VUs, 2582 complete and 0 interrupted iterations
steady   [   5% ] 1483/1483 VUs  0m06.0s/2m0s  800.00 iters/s

running (0m07.0s), 1631/1632 VUs, 3084 complete and 0 interrupted iterations
steady   [   6% ] 1631/1632 VUs  0m07.0s/2m0s  800.00 iters/s

running (0m08.0s), 1776/1779 VUs, 3581 complete and 0 interrupted iterations
steady   [   7% ] 1776/1779 VUs  0m08.0s/2m0s  800.00 iters/s

running (0m09.0s), 1929/1929 VUs, 4070 complete and 0 interrupted iterations
steady   [   7% ] 1929/1929 VUs  0m09.0s/2m0s  800.00 iters/s
[K8S] pods_ready=6/6

running (0m10.0s), 1966/2000 VUs, 4468 complete and 0 interrupted iterations
steady   [   8% ] 1966/2000 VUs  0m10.0s/2m0s  800.00 iters/s

running (0m11.0s), 1999/2000 VUs, 5032 complete and 0 interrupted iterations
steady   [   9% ] 1999/2000 VUs  0m11.0s/2m0s  800.00 iters/s

running (0m12.0s), 1960/2000 VUs, 5555 complete and 0 interrupted iterations
steady   [  10% ] 1960/2000 VUs  0m12.0s/2m0s  800.00 iters/s

running (0m13.0s), 2000/2000 VUs, 6166 complete and 0 interrupted iterations
steady   [  11% ] 2000/2000 VUs  0m13.0s/2m0s  800.00 iters/s

running (0m14.0s), 1985/2000 VUs, 6567 complete and 0 interrupted iterations
steady   [  12% ] 1985/2000 VUs  0m14.0s/2m0s  800.00 iters/s
[K8S] pods_ready=6/6

running (0m15.0s), 1994/2000 VUs, 7178 complete and 0 interrupted iterations
steady   [  12% ] 1994/2000 VUs  0m15.0s/2m0s  800.00 iters/s

running (0m16.0s), 1995/2000 VUs, 7714 complete and 0 interrupted iterations
steady   [  13% ] 1995/2000 VUs  0m16.0s/2m0s  800.00 iters/s

running (0m17.0s), 1999/2000 VUs, 8323 complete and 0 interrupted iterations
steady   [  14% ] 1999/2000 VUs  0m17.0s/2m0s  800.00 iters/s

running (0m18.0s), 2000/2000 VUs, 8796 complete and 0 interrupted iterations
steady   [  15% ] 2000/2000 VUs  0m18.0s/2m0s  800.00 iters/s

running (0m19.0s), 1964/2000 VUs, 9373 complete and 0 interrupted iterations
steady   [  16% ] 1964/2000 VUs  0m19.0s/2m0s  800.00 iters/s
[K8S] pods_ready=9/13

running (0m20.0s), 1970/2000 VUs, 10045 complete and 0 interrupted iterations
steady   [  17% ] 1970/2000 VUs  0m20.0s/2m0s  800.00 iters/s

running (0m21.0s), 1837/2000 VUs, 10978 complete and 0 interrupted iterations
steady   [  17% ] 1837/2000 VUs  0m21.0s/2m0s  800.00 iters/s

running (0m22.0s), 1757/2000 VUs, 11858 complete and 0 interrupted iterations
steady   [  18% ] 1757/2000 VUs  0m22.0s/2m0s  800.00 iters/s

running (0m23.0s), 1695/2000 VUs, 12720 complete and 0 interrupted iterations
steady   [  19% ] 1695/2000 VUs  0m23.0s/2m0s  800.00 iters/s

running (0m24.0s), 1654/2000 VUs, 13561 complete and 0 interrupted iterations
steady   [  20% ] 1654/2000 VUs  0m24.0s/2m0s  800.00 iters/s
[K8S] pods_ready=13/13

running (0m25.0s), 1558/2000 VUs, 14457 complete and 0 interrupted iterations
steady   [  21% ] 1558/2000 VUs  0m25.0s/2m0s  800.00 iters/s

running (0m26.0s), 1510/2000 VUs, 15304 complete and 0 interrupted iterations
steady   [  22% ] 1510/2000 VUs  0m26.0s/2m0s  800.00 iters/s

running (0m27.0s), 1489/2000 VUs, 16126 complete and 0 interrupted iterations
steady   [  22% ] 1489/2000 VUs  0m27.0s/2m0s  800.00 iters/s

running (0m28.0s), 1514/2000 VUs, 16901 complete and 0 interrupted iterations
steady   [  23% ] 1514/2000 VUs  0m28.0s/2m0s  800.00 iters/s

running (0m29.0s), 1530/2000 VUs, 17685 complete and 0 interrupted iterations
steady   [  24% ] 1530/2000 VUs  0m29.0s/2m0s  800.00 iters/s

running (0m30.0s), 1575/2000 VUs, 18441 complete and 0 interrupted iterations
steady   [  25% ] 1574/2000 VUs  0m30.0s/2m0s  800.00 iters/s
[K8S] pods_ready=13/13

running (0m31.0s), 1666/2000 VUs, 19148 complete and 0 interrupted iterations
steady   [  26% ] 1666/2000 VUs  0m31.0s/2m0s  800.00 iters/s

running (0m32.0s), 1653/2000 VUs, 19962 complete and 0 interrupted iterations
steady   [  27% ] 1653/2000 VUs  0m32.0s/2m0s  800.00 iters/s

running (0m33.0s), 1622/2000 VUs, 20794 complete and 0 interrupted iterations
steady   [  27% ] 1622/2000 VUs  0m33.0s/2m0s  800.00 iters/s

running (0m34.0s), 1752/2000 VUs, 21465 complete and 0 interrupted iterations
steady   [  28% ] 1752/2000 VUs  0m34.0s/2m0s  800.00 iters/s

running (0m35.0s), 1886/2000 VUs, 22130 complete and 0 interrupted iterations
steady   [  29% ] 1886/2000 VUs  0m35.0s/2m0s  800.00 iters/s
[K8S] pods_ready=21/25

running (0m36.0s), 1807/2000 VUs, 23008 complete and 0 interrupted iterations
steady   [  30% ] 1807/2000 VUs  0m36.0s/2m0s  800.00 iters/s

running (0m37.0s), 1433/2000 VUs, 24183 complete and 0 interrupted iterations
steady   [  31% ] 1433/2000 VUs  0m37.0s/2m0s  800.00 iters/s

running (0m38.0s), 1321/2000 VUs, 25095 complete and 0 interrupted iterations
steady   [  32% ] 1321/2000 VUs  0m38.0s/2m0s  800.00 iters/s

running (0m39.0s), 1300/2000 VUs, 25915 complete and 0 interrupted iterations
steady   [  32% ] 1299/2000 VUs  0m39.0s/2m0s  800.00 iters/s

running (0m40.0s), 1313/2000 VUs, 26703 complete and 0 interrupted iterations
steady   [  33% ] 1313/2000 VUs  0m40.0s/2m0s  800.00 iters/s
[K8S] pods_ready=25/25

running (0m41.0s), 1314/2000 VUs, 27500 complete and 0 interrupted iterations
steady   [  34% ] 1314/2000 VUs  0m41.0s/2m0s  800.00 iters/s

running (0m42.0s), 1327/2000 VUs, 28288 complete and 0 interrupted iterations
steady   [  35% ] 1327/2000 VUs  0m42.0s/2m0s  800.00 iters/s

running (0m43.0s), 1443/2000 VUs, 28973 complete and 0 interrupted iterations
steady   [  36% ] 1443/2000 VUs  0m43.0s/2m0s  800.00 iters/s

running (0m44.0s), 1528/2000 VUs, 29687 complete and 0 interrupted iterations
steady   [  37% ] 1528/2000 VUs  0m44.0s/2m0s  800.00 iters/s

running (0m45.0s), 1625/2000 VUs, 30391 complete and 0 interrupted iterations
steady   [  37% ] 1625/2000 VUs  0m45.0s/2m0s  800.00 iters/s
[K8S] pods_ready=25/25

running (0m46.0s), 1619/2000 VUs, 31196 complete and 0 interrupted iterations
steady   [  38% ] 1619/2000 VUs  0m46.0s/2m0s  800.00 iters/s

running (0m47.0s), 1596/2000 VUs, 32018 complete and 0 interrupted iterations
steady   [  39% ] 1596/2000 VUs  0m47.0s/2m0s  800.00 iters/s

running (0m48.0s), 1582/2000 VUs, 32834 complete and 0 interrupted iterations
steady   [  40% ] 1582/2000 VUs  0m48.0s/2m0s  800.00 iters/s

running (0m49.0s), 1606/2000 VUs, 33610 complete and 0 interrupted iterations
steady   [  41% ] 1606/2000 VUs  0m49.0s/2m0s  800.00 iters/s

running (0m50.0s), 1720/2000 VUs, 34296 complete and 0 interrupted iterations
steady   [  42% ] 1720/2000 VUs  0m50.0s/2m0s  800.00 iters/s
[K8S] pods_ready=30/30

running (0m51.0s), 1666/2000 VUs, 35149 complete and 0 interrupted iterations
steady   [  42% ] 1666/2000 VUs  0m51.0s/2m0s  800.00 iters/s

running (0m52.0s), 1535/2000 VUs, 36081 complete and 0 interrupted iterations
steady   [  43% ] 1535/2000 VUs  0m52.0s/2m0s  800.00 iters/s

running (0m53.0s), 1509/2000 VUs, 36905 complete and 0 interrupted iterations
steady   [  44% ] 1509/2000 VUs  0m53.0s/2m0s  800.00 iters/s

running (0m54.0s), 1515/2000 VUs, 37700 complete and 0 interrupted iterations
steady   [  45% ] 1515/2000 VUs  0m54.0s/2m0s  800.00 iters/s

running (0m55.0s), 1504/2000 VUs, 38511 complete and 0 interrupted iterations
steady   [  46% ] 1504/2000 VUs  0m55.0s/2m0s  800.00 iters/s

running (0m56.0s), 1499/2000 VUs, 39317 complete and 0 interrupted iterations
steady   [  47% ] 1499/2000 VUs  0m56.0s/2m0s  800.00 iters/s
[K8S] pods_ready=30/30

running (0m57.0s), 1549/2000 VUs, 40066 complete and 0 interrupted iterations
steady   [  47% ] 1549/2000 VUs  0m57.0s/2m0s  800.00 iters/s

running (0m58.0s), 1594/2000 VUs, 40821 complete and 0 interrupted iterations
steady   [  48% ] 1594/2000 VUs  0m58.0s/2m0s  800.00 iters/s

running (0m59.0s), 1611/2000 VUs, 41604 complete and 0 interrupted iterations
steady   [  49% ] 1611/2000 VUs  0m59.0s/2m0s  800.00 iters/s

running (1m00.0s), 1654/2000 VUs, 42361 complete and 0 interrupted iterations
steady   [  50% ] 1654/2000 VUs  1m00.0s/2m0s  800.00 iters/s

running (1m01.0s), 1704/2000 VUs, 43110 complete and 0 interrupted iterations
steady   [  51% ] 1704/2000 VUs  1m01.0s/2m0s  800.00 iters/s
[K8S] pods_ready=30/30

running (1m02.0s), 1686/2000 VUs, 43929 complete and 0 interrupted iterations
steady   [  52% ] 1686/2000 VUs  1m02.0s/2m0s  800.00 iters/s

running (1m03.0s), 1691/2000 VUs, 44725 complete and 0 interrupted iterations
steady   [  52% ] 1691/2000 VUs  1m03.0s/2m0s  800.00 iters/s

running (1m04.0s), 1729/2000 VUs, 45486 complete and 0 interrupted iterations
steady   [  53% ] 1729/2000 VUs  1m04.0s/2m0s  800.00 iters/s

running (1m05.0s), 1683/2000 VUs, 46332 complete and 0 interrupted iterations
steady   [  54% ] 1683/2000 VUs  1m05.0s/2m0s  800.00 iters/s

running (1m06.0s), 1609/2000 VUs, 47206 complete and 0 interrupted iterations
steady   [  55% ] 1609/2000 VUs  1m06.0s/2m0s  800.00 iters/s
[K8S] pods_ready=30/30

running (1m07.0s), 1659/2000 VUs, 47957 complete and 0 interrupted iterations
steady   [  56% ] 1659/2000 VUs  1m07.0s/2m0s  800.00 iters/s
